<?xml version="1.0" encoding="UTF-8"?>
<!-- Generated by org.testng.reporters.JUnitReportReporter -->
<testsuite hostname="NDI-LAP-272" failures="0" tests="1" name="com.saucedemo.testCases.TC_HistoryPage2_04" time="3.283" errors="0" timestamp="03 Aug 2022 12:40:13 GMT" skipped="0">
  <testcase classname="com.saucedemo.testCases.TC_HistoryPage2_04" name="historyPageTest" time="3.283"/>
</testsuite> <!-- com.saucedemo.testCases.TC_HistoryPage2_04 -->
