<?xml version="1.0" encoding="UTF-8"?>
<!-- Generated by org.testng.reporters.JUnitReportReporter -->
<testsuite hostname="NDI-LAP-272" failures="0" tests="1" name="com.saucedemo.testCases.TC_CartPageTest_02" time="0.535" errors="0" timestamp="28 Jul 2022 11:33:58 GMT" skipped="0">
  <testcase classname="com.saucedemo.testCases.TC_CartPageTest_02" name="cartPageTest" time="0.535"/>
</testsuite> <!-- com.saucedemo.testCases.TC_CartPageTest_02 -->
