<?xml version="1.0" encoding="UTF-8"?>
<!-- Generated by org.testng.reporters.JUnitReportReporter -->
<testsuite hostname="NDI-LAP-272" failures="0" tests="1" name="com.saucedemo.testCases.TC_HistoryPage_03" time="3.609" errors="0" timestamp="01 Aug 2022 11:25:12 GMT" skipped="0">
  <testcase classname="com.saucedemo.testCases.TC_HistoryPage_03" name="historyPageTest" time="3.609"/>
</testsuite> <!-- com.saucedemo.testCases.TC_HistoryPage_03 -->
