<?xml version="1.0" encoding="UTF-8"?>
<!-- Generated by org.testng.reporters.JUnitReportReporter -->
<testsuite hostname="NDI-LAP-272" failures="0" tests="1" name="com.saucedemo.testCases.TC_HistoryPage_03" time="2.650" errors="0" timestamp="03 Aug 2022 12:10:00 GMT" skipped="0">
  <testcase classname="com.saucedemo.testCases.TC_HistoryPage_03" name="historyPageTest" time="2.650"/>
</testsuite> <!-- com.saucedemo.testCases.TC_HistoryPage_03 -->
