<?xml version="1.0" encoding="UTF-8"?>
<!-- Generated by org.testng.reporters.JUnitReportReporter -->
<testsuite hostname="NDI-LAP-272" failures="0" tests="1" name="com.saucedemo.testCases.TC_MakeApointmentPage_02" time="2.923" errors="0" timestamp="02 Aug 2022 11:58:35 GMT" skipped="0">
  <testcase classname="com.saucedemo.testCases.TC_MakeApointmentPage_02" name="makeApointmentPageTest" time="2.923"/>
</testsuite> <!-- com.saucedemo.testCases.TC_MakeApointmentPage_02 -->
